<?xml version="1.0" encoding="UTF-8"?>
<robot generator="Robot 3.1.2 (Python 3.6.8 on linux)" generated="20190629 15:02:05.675" rpa="false">
<suite id="s1" name="Dialogs" source="/home/yang/Learnings/myRobotFramework/project_1/Tests/Dialogs.robot">
<test id="s1-t1" name="Logged out user can search for product">
<kw name="Begin Web Test" library="Common" type="setup">
<kw name="Open Browser" library="SeleniumLibrary">
<doc>Opens a new browser instance to the given ``url``.</doc>
<arguments>
<arg>about:blank</arg>
<arg>${BROWSER}</arg>
</arguments>
<msg timestamp="20190629 15:02:05.884" level="INFO">Opening browser 'chrome' to base url 'about:blank'.</msg>
<status status="PASS" starttime="20190629 15:02:05.884" endtime="20190629 15:02:07.387"></status>
</kw>
<kw name="Maximize Browser Window" library="SeleniumLibrary">
<doc>Maximizes current browser window.</doc>
<status status="PASS" starttime="20190629 15:02:07.388" endtime="20190629 15:02:07.494"></status>
</kw>
<status status="PASS" starttime="20190629 15:02:05.884" endtime="20190629 15:02:07.494"></status>
</kw>
<kw name="Get Selection From User" library="Dialogs">
<doc>Pauses test execution and asks user to select a value.</doc>
<arguments>
<arg>Which browser?</arg>
<arg>chrome</arg>
<arg>ie</arg>
<arg>firefox</arg>
</arguments>
<assign>
<var>${new_browser}</var>
</assign>
<msg timestamp="20190629 15:02:14.106" level="INFO">${new_browser} = firefox</msg>
<status status="PASS" starttime="20190629 15:02:07.495" endtime="20190629 15:02:14.106"></status>
</kw>
<kw name="Set Global Variable" library="BuiltIn">
<doc>Makes a variable available globally in all tests and suites.</doc>
<arguments>
<arg>${BROWSER}</arg>
<arg>${new_browser}</arg>
</arguments>
<msg timestamp="20190629 15:02:14.107" level="INFO">${BROWSER} = firefox</msg>
<status status="PASS" starttime="20190629 15:02:14.107" endtime="20190629 15:02:14.107"></status>
</kw>
<kw name="Search for Products" library="AmazonApp">
<kw name="Load" library="LandingPage">
<kw name="Go To" library="SeleniumLibrary">
<doc>Navigates the active browser instance to the provided ``url``.</doc>
<arguments>
<arg>${START_URL}</arg>
</arguments>
<msg timestamp="20190629 15:02:14.108" level="INFO">Opening url 'https://www.amazon.com'</msg>
<status status="PASS" starttime="20190629 15:02:14.108" endtime="20190629 15:02:33.838"></status>
</kw>
<status status="PASS" starttime="20190629 15:02:14.108" endtime="20190629 15:02:33.838"></status>
</kw>
<kw name="Type In Product" library="TopNav">
<kw name="Input Text" library="SeleniumLibrary">
<doc>Types the given ``text`` into text field identified by ``locator``.</doc>
<arguments>
<arg>${TOPNAV_SEARCH_BAR}</arg>
<arg>${SEARCH_TERM}</arg>
</arguments>
<msg timestamp="20190629 15:02:33.839" level="INFO">Typing text 'Ferrari 458' into text field 'id=twotabsearchtextbox'.</msg>
<status status="PASS" starttime="20190629 15:02:33.839" endtime="20190629 15:02:34.011"></status>
</kw>
<status status="PASS" starttime="20190629 15:02:33.838" endtime="20190629 15:02:34.011"></status>
</kw>
<kw name="Begin Search" library="TopNav">
<kw name="Click Button" library="SeleniumLibrary">
<doc>Clicks button identified by ``locator``.</doc>
<arguments>
<arg>${TOPNAV_SEARCH_BUTTON}</arg>
</arguments>
<msg timestamp="20190629 15:02:34.012" level="INFO">Clicking button '//input[@class='nav-input']'.</msg>
<status status="PASS" starttime="20190629 15:02:34.012" endtime="20190629 15:02:38.367"></status>
</kw>
<status status="PASS" starttime="20190629 15:02:34.011" endtime="20190629 15:02:38.367"></status>
</kw>
<status status="PASS" starttime="20190629 15:02:14.107" endtime="20190629 15:02:38.368"></status>
</kw>
<kw name="End Web Test" library="Common" type="teardown">
<kw name="Close Browser" library="SeleniumLibrary">
<doc>Closes the current browser.</doc>
<status status="PASS" starttime="20190629 15:02:38.368" endtime="20190629 15:02:38.433"></status>
</kw>
<status status="PASS" starttime="20190629 15:02:38.368" endtime="20190629 15:02:38.434"></status>
</kw>
<tags>
<tag>Web</tag>
</tags>
<status status="PASS" starttime="20190629 15:02:05.883" endtime="20190629 15:02:38.434" critical="yes"></status>
</test>
<test id="s1-t2" name="Logged out user can add product to cart">
<kw name="Begin Web Test" library="Common" type="setup">
<kw name="Open Browser" library="SeleniumLibrary">
<doc>Opens a new browser instance to the given ``url``.</doc>
<arguments>
<arg>about:blank</arg>
<arg>${BROWSER}</arg>
</arguments>
<msg timestamp="20190629 15:02:38.438" level="INFO">Opening browser 'firefox' to base url 'about:blank'.</msg>
<status status="PASS" starttime="20190629 15:02:38.438" endtime="20190629 15:02:41.028"></status>
</kw>
<kw name="Maximize Browser Window" library="SeleniumLibrary">
<doc>Maximizes current browser window.</doc>
<status status="PASS" starttime="20190629 15:02:41.028" endtime="20190629 15:02:41.317"></status>
</kw>
<status status="PASS" starttime="20190629 15:02:38.438" endtime="20190629 15:02:41.318"></status>
</kw>
<kw name="Search for Products" library="AmazonApp">
<kw name="Load" library="LandingPage">
<kw name="Go To" library="SeleniumLibrary">
<doc>Navigates the active browser instance to the provided ``url``.</doc>
<arguments>
<arg>${START_URL}</arg>
</arguments>
<msg timestamp="20190629 15:02:41.323" level="INFO">Opening url 'https://www.amazon.com'</msg>
<status status="PASS" starttime="20190629 15:02:41.322" endtime="20190629 15:02:52.587"></status>
</kw>
<status status="PASS" starttime="20190629 15:02:41.320" endtime="20190629 15:02:52.587"></status>
</kw>
<kw name="Type In Product" library="TopNav">
<kw name="Input Text" library="SeleniumLibrary">
<doc>Types the given ``text`` into text field identified by ``locator``.</doc>
<arguments>
<arg>${TOPNAV_SEARCH_BAR}</arg>
<arg>${SEARCH_TERM}</arg>
</arguments>
<msg timestamp="20190629 15:02:52.589" level="INFO">Typing text 'Ferrari 458' into text field 'id=twotabsearchtextbox'.</msg>
<status status="PASS" starttime="20190629 15:02:52.589" endtime="20190629 15:02:52.741"></status>
</kw>
<status status="PASS" starttime="20190629 15:02:52.588" endtime="20190629 15:02:52.741"></status>
</kw>
<kw name="Begin Search" library="TopNav">
<kw name="Click Button" library="SeleniumLibrary">
<doc>Clicks button identified by ``locator``.</doc>
<arguments>
<arg>${TOPNAV_SEARCH_BUTTON}</arg>
</arguments>
<msg timestamp="20190629 15:02:52.743" level="INFO">Clicking button '//input[@class='nav-input']'.</msg>
<status status="PASS" starttime="20190629 15:02:52.742" endtime="20190629 15:02:55.634"></status>
</kw>
<status status="PASS" starttime="20190629 15:02:52.741" endtime="20190629 15:02:55.634"></status>
</kw>
<status status="PASS" starttime="20190629 15:02:41.319" endtime="20190629 15:02:55.634"></status>
</kw>
<kw name="Execute Manual Step" library="Dialogs">
<doc>Pauses test execution until user sets the keyword status.</doc>
<arguments>
<arg>Do something manually!</arg>
<arg>It failed!</arg>
</arguments>
<status status="PASS" starttime="20190629 15:02:55.635" endtime="20190629 15:03:04.599"></status>
</kw>
<kw name="Select Product from Search Results" library="AmazonApp">
<kw name="Select Product" library="SearchResults">
<kw name="Click Link" library="SeleniumLibrary">
<doc>Clicks a link identified by ``locator``.</doc>
<arguments>
<arg>(//h5[@class='a-color-base s-line-clamp-4'])[1]//a</arg>
</arguments>
<msg timestamp="20190629 15:03:04.601" level="INFO">Clicking link '(//h5[@class='a-color-base s-line-clamp-4'])[1]//a'.</msg>
<kw name="Capture Page Screenshot" library="SeleniumLibrary">
<doc>Takes screenshot of the current page and embeds it into log file.</doc>
<msg timestamp="20190629 15:03:04.616" level="FAIL">InvalidSessionIdException: Message: Tried to run command without establishing a connection
</msg>
<status status="FAIL" starttime="20190629 15:03:04.611" endtime="20190629 15:03:04.616"></status>
</kw>
<msg timestamp="20190629 15:03:04.616" level="WARN">Keyword 'Capture Page Screenshot' could not be run on failure: InvalidSessionIdException: Message: Tried to run command without establishing a connection
</msg>
<msg timestamp="20190629 15:03:04.618" level="FAIL">WebDriverException: Message: Failed to decode response from marionette
</msg>
<status status="FAIL" starttime="20190629 15:03:04.600" endtime="20190629 15:03:04.620"></status>
</kw>
<status status="FAIL" starttime="20190629 15:03:04.600" endtime="20190629 15:03:04.620"></status>
</kw>
<status status="FAIL" starttime="20190629 15:03:04.599" endtime="20190629 15:03:04.621"></status>
</kw>
<kw name="End Web Test" library="Common" type="teardown">
<kw name="Close Browser" library="SeleniumLibrary">
<doc>Closes the current browser.</doc>
<status status="PASS" starttime="20190629 15:03:04.623" endtime="20190629 15:03:04.633"></status>
</kw>
<status status="PASS" starttime="20190629 15:03:04.622" endtime="20190629 15:03:04.634"></status>
</kw>
<tags>
<tag>Web</tag>
</tags>
<status status="FAIL" starttime="20190629 15:02:38.435" endtime="20190629 15:03:04.634" critical="yes">WebDriverException: Message: Failed to decode response from marionette
</status>
</test>
<doc>There are some web tests</doc>
<status status="FAIL" starttime="20190629 15:02:05.675" endtime="20190629 15:03:04.635"></status>
</suite>
<statistics>
<total>
<stat pass="1" fail="1">Critical Tests</stat>
<stat pass="1" fail="1">All Tests</stat>
</total>
<tag>
<stat pass="1" fail="1">Web</stat>
</tag>
<suite>
<stat pass="1" fail="1" id="s1" name="Dialogs">Dialogs</stat>
</suite>
</statistics>
<errors>
<msg timestamp="20190629 15:03:04.616" level="WARN">Keyword 'Capture Page Screenshot' could not be run on failure: InvalidSessionIdException: Message: Tried to run command without establishing a connection
</msg>
</errors>
</robot>
